E:\LIUMENGYANG\SANPLOY\CENTE_CONTROL\CENTE_CONTROL\CENTE_CONTROL\DEBUG\CJSON.OBJ
E:\LIUMENGYANG\SANPLOY\CENTE_CONTROL\CENTE_CONTROL\CENTE_CONTROL\DEBUG\VC110.PDB
E:\LIUMENGYANG\SANPLOY\CENTE_CONTROL\CENTE_CONTROL\CENTE_CONTROL\DEBUG\CONNETCTTCPCLI.OBJ
E:\LIUMENGYANG\SANPLOY\CENTE_CONTROL\CENTE_CONTROL\CENTE_CONTROL\DEBUG\MAIN.OBJ
E:\LIUMENGYANG\SANPLOY\CENTE_CONTROL\CENTE_CONTROL\DEBUG\CENTE_CONTROL.ILK
E:\LIUMENGYANG\SANPLOY\CENTE_CONTROL\CENTE_CONTROL\DEBUG\CENTE_CONTROL.EXE
E:\LIUMENGYANG\SANPLOY\CENTE_CONTROL\CENTE_CONTROL\DEBUG\CENTE_CONTROL.PDB
E:\LiuMengYang\sanploy\cente_control\cente_control\cente_control\Debug\cjson.obj
E:\LiuMengYang\sanploy\cente_control\cente_control\cente_control\Debug\ConnetctTcpcli.obj
E:\LiuMengYang\sanploy\cente_control\cente_control\cente_control\Debug\main.obj
E:\LiuMengYang\sanploy\cente_control\cente_control\cente_control\Debug\cl.command.1.tlog
E:\LiuMengYang\sanploy\cente_control\cente_control\cente_control\Debug\CL.read.1.tlog
E:\LiuMengYang\sanploy\cente_control\cente_control\cente_control\Debug\CL.write.1.tlog
E:\LiuMengYang\sanploy\cente_control\cente_control\cente_control\Debug\link-cvtres.read.1.tlog
E:\LiuMengYang\sanploy\cente_control\cente_control\cente_control\Debug\link-cvtres.write.1.tlog
E:\LiuMengYang\sanploy\cente_control\cente_control\cente_control\Debug\link-rc.read.1.tlog
E:\LiuMengYang\sanploy\cente_control\cente_control\cente_control\Debug\link-rc.write.1.tlog
E:\LiuMengYang\sanploy\cente_control\cente_control\cente_control\Debug\link.11220-cvtres.read.1.tlog
E:\LiuMengYang\sanploy\cente_control\cente_control\cente_control\Debug\link.11220-cvtres.write.1.tlog
E:\LiuMengYang\sanploy\cente_control\cente_control\cente_control\Debug\link.11220-rc.read.1.tlog
E:\LiuMengYang\sanploy\cente_control\cente_control\cente_control\Debug\link.11220-rc.write.1.tlog
E:\LiuMengYang\sanploy\cente_control\cente_control\cente_control\Debug\link.11220.read.1.tlog
E:\LiuMengYang\sanploy\cente_control\cente_control\cente_control\Debug\link.11220.write.1.tlog
E:\LiuMengYang\sanploy\cente_control\cente_control\cente_control\Debug\link.11384-cvtres.read.1.tlog
E:\LiuMengYang\sanploy\cente_control\cente_control\cente_control\Debug\link.11384-cvtres.write.1.tlog
E:\LiuMengYang\sanploy\cente_control\cente_control\cente_control\Debug\link.11384-rc.read.1.tlog
E:\LiuMengYang\sanploy\cente_control\cente_control\cente_control\Debug\link.11384-rc.write.1.tlog
E:\LiuMengYang\sanploy\cente_control\cente_control\cente_control\Debug\link.11384.read.1.tlog
E:\LiuMengYang\sanploy\cente_control\cente_control\cente_control\Debug\link.11384.write.1.tlog
E:\LiuMengYang\sanploy\cente_control\cente_control\cente_control\Debug\link.11512-cvtres.read.1.tlog
E:\LiuMengYang\sanploy\cente_control\cente_control\cente_control\Debug\link.11512-cvtres.write.1.tlog
E:\LiuMengYang\sanploy\cente_control\cente_control\cente_control\Debug\link.11512-rc.read.1.tlog
E:\LiuMengYang\sanploy\cente_control\cente_control\cente_control\Debug\link.11512-rc.write.1.tlog
E:\LiuMengYang\sanploy\cente_control\cente_control\cente_control\Debug\link.11512.read.1.tlog
E:\LiuMengYang\sanploy\cente_control\cente_control\cente_control\Debug\link.11512.write.1.tlog
E:\LiuMengYang\sanploy\cente_control\cente_control\cente_control\Debug\link.12456-cvtres.read.1.tlog
E:\LiuMengYang\sanploy\cente_control\cente_control\cente_control\Debug\link.12456-cvtres.write.1.tlog
E:\LiuMengYang\sanploy\cente_control\cente_control\cente_control\Debug\link.12456-rc.read.1.tlog
E:\LiuMengYang\sanploy\cente_control\cente_control\cente_control\Debug\link.12456-rc.write.1.tlog
E:\LiuMengYang\sanploy\cente_control\cente_control\cente_control\Debug\link.12456.read.1.tlog
E:\LiuMengYang\sanploy\cente_control\cente_control\cente_control\Debug\link.12456.write.1.tlog
E:\LiuMengYang\sanploy\cente_control\cente_control\cente_control\Debug\link.14832-cvtres.read.1.tlog
E:\LiuMengYang\sanploy\cente_control\cente_control\cente_control\Debug\link.14832-cvtres.write.1.tlog
E:\LiuMengYang\sanploy\cente_control\cente_control\cente_control\Debug\link.14832-rc.read.1.tlog
E:\LiuMengYang\sanploy\cente_control\cente_control\cente_control\Debug\link.14832-rc.write.1.tlog
E:\LiuMengYang\sanploy\cente_control\cente_control\cente_control\Debug\link.14832.read.1.tlog
E:\LiuMengYang\sanploy\cente_control\cente_control\cente_control\Debug\link.14832.write.1.tlog
E:\LiuMengYang\sanploy\cente_control\cente_control\cente_control\Debug\link.15408-cvtres.read.1.tlog
E:\LiuMengYang\sanploy\cente_control\cente_control\cente_control\Debug\link.15408-cvtres.write.1.tlog
E:\LiuMengYang\sanploy\cente_control\cente_control\cente_control\Debug\link.15408-rc.read.1.tlog
E:\LiuMengYang\sanploy\cente_control\cente_control\cente_control\Debug\link.15408-rc.write.1.tlog
E:\LiuMengYang\sanploy\cente_control\cente_control\cente_control\Debug\link.15408.read.1.tlog
E:\LiuMengYang\sanploy\cente_control\cente_control\cente_control\Debug\link.15408.write.1.tlog
E:\LiuMengYang\sanploy\cente_control\cente_control\cente_control\Debug\link.5380-cvtres.read.1.tlog
E:\LiuMengYang\sanploy\cente_control\cente_control\cente_control\Debug\link.5380-cvtres.write.1.tlog
E:\LiuMengYang\sanploy\cente_control\cente_control\cente_control\Debug\link.5380-rc.read.1.tlog
E:\LiuMengYang\sanploy\cente_control\cente_control\cente_control\Debug\link.5380-rc.write.1.tlog
E:\LiuMengYang\sanploy\cente_control\cente_control\cente_control\Debug\link.5380.read.1.tlog
E:\LiuMengYang\sanploy\cente_control\cente_control\cente_control\Debug\link.5380.write.1.tlog
E:\LiuMengYang\sanploy\cente_control\cente_control\cente_control\Debug\link.8808-cvtres.read.1.tlog
E:\LiuMengYang\sanploy\cente_control\cente_control\cente_control\Debug\link.8808-cvtres.write.1.tlog
E:\LiuMengYang\sanploy\cente_control\cente_control\cente_control\Debug\link.8808-rc.read.1.tlog
E:\LiuMengYang\sanploy\cente_control\cente_control\cente_control\Debug\link.8808-rc.write.1.tlog
E:\LiuMengYang\sanploy\cente_control\cente_control\cente_control\Debug\link.8808.read.1.tlog
E:\LiuMengYang\sanploy\cente_control\cente_control\cente_control\Debug\link.8808.write.1.tlog
E:\LiuMengYang\sanploy\cente_control\cente_control\cente_control\Debug\link.command.1.tlog
E:\LiuMengYang\sanploy\cente_control\cente_control\cente_control\Debug\link.read.1.tlog
E:\LiuMengYang\sanploy\cente_control\cente_control\cente_control\Debug\link.write.1.tlog
E:\LiuMengYang\sanploy\cente_control\cente_control\cente_control\Debug\vc110.idb
E:\LiuMengYang\sanploy\cente_control\cente_control\cente_control\Debug\vc110.pdb
E:\LiuMengYang\sanploy\cente_control\cente_control\Debug\cente_control.pdb
E:\LiuMengYang\sanploy\cente_control\cente_control\Debug\cente_control.exe
E:\LiuMengYang\sanploy\cente_control\cente_control\Debug\cente_control.ilk
